#
# A fatal error has been detected by the Java Runtime Environment:
#
#  EXCEPTION_ACCESS_VIOLATION (0xc0000005) at pc=0x00000000, pid=8924, tid=0x00003a08
#
# JRE version:  (8.0_351-b10) (build )
# Java VM: Java HotSpot(TM) Client VM (25.351-b10 mixed mode windows-x86 )
# Problematic frame:
# C  0x00000000
#
# Failed to write core dump. Minidumps are not enabled by default on client versions of Windows
#
# If you would like to submit a bug report, please visit:
#   http://bugreport.java.com/bugreport/crash.jsp
#

---------------  T H R E A D  ---------------

Current thread (0x00a63c00):  JavaThread "Unknown thread" [_thread_in_Java, id=14856, stack(0x02510000,0x02560000)]

siginfo: ExceptionCode=0xc0000005, ExceptionInformation=0x00000008 0x00000000

Registers:
EAX=0x00100000, EBX=0x146fc6c0, ECX=0x04600b40, EDX=0x10500001
ESP=0x0255e430, EBP=0x0255e458, ESI=0x0255e434, EDI=0x0255e45c
EIP=0x00000000, EFLAGS=0x00010216

Top of Stack: (sp=0x0255e430)
0x0255e430:   02564350 04600b40 0255e438 147050aa
0x0255e440:   0255e45c 1476f3b0 00000000 147050d8
0x0255e450:   0255e434 0255e460 0255e474 025606d7
0x0255e460:   0255e630 00001f80 00a63c00 00000000
0x0255e470:   0255e630 0255e538 6be86894 0255e500
0x0255e480:   0255e610 0000000a 147050d8 0256b350
0x0255e490:   0255e634 00000000 00a63c00 00a63c00
0x0255e4a0:   146f1190 0255ead0 00a63c00 00a63030 

Instructions: (pc=0x00000000)
0xffffffe0:   


Register to memory mapping:

EAX=0x00100000 is an unknown value
EBX={method} {0x146fc6c4} 'desiredAssertionStatus' '()Z' in 'java/lang/Class'
ECX=0x04600b40 is an oop
java.lang.Class 
 - klass: 'java/lang/Class'
EDX=0x10500001 is an unallocated location in the heap
ESP=0x0255e430 is an unknown value
EBP=0x0255e458 is an unknown value
ESI=0x0255e434 is an unknown value
EDI=0x0255e45c is an unknown value


Stack: [0x02510000,0x02560000],  sp=0x0255e430,  free space=313k

---------------  P R O C E S S  ---------------

Java Threads: ( => current thread )

Other Threads:

=>0x00a63c00 (exited) JavaThread "Unknown thread" [_thread_in_Java, id=14856, stack(0x02510000,0x02560000)]

VM state:not at safepoint (normal execution)

VM Mutex/Monitor currently owned by a thread: None

Heap:
 def new generation   total 4928K, used 88K [0x04600000, 0x04b50000, 0x09b50000)
  eden space 4416K,   2% used [0x04600000, 0x04616158, 0x04a50000)
  from space 512K,   0% used [0x04a50000, 0x04a50000, 0x04ad0000)
  to   space 512K,   0% used [0x04ad0000, 0x04ad0000, 0x04b50000)
 tenured generation   total 10944K, used 0K [0x09b50000, 0x0a600000, 0x14600000)
   the space 10944K,   0% used [0x09b50000, 0x09b50000, 0x09b50200, 0x0a600000)
 Metaspace       used 510K, capacity 2240K, committed 2240K, reserved 4480K

Card table byte_map: [0x14600000,0x14690000] byte_map_base: 0x145dd000

Polling page: 0x00a00000

CodeCache: size=32768Kb used=301Kb max_used=301Kb free=32466Kb
 bounds [0x02560000, 0x025b0000, 0x04560000]
 total_blobs=27 nmethods=0 adapters=8
 compilation: enabled

Compilation events (0 events):
No events

GC Heap History (0 events):
No events

Deoptimization events (0 events):
No events

Classes redefined (0 events):
No events

Internal exceptions (0 events):
No events

Events (10 events):
Event: 11.710 loading class java/lang/Short done
Event: 11.710 loading class java/lang/Integer
Event: 11.711 loading class java/lang/Integer done
Event: 11.711 loading class java/lang/Long
Event: 11.711 loading class java/lang/Long done
Event: 11.711 loading class java/lang/NullPointerException
Event: 11.711 loading class java/lang/NullPointerException done
Event: 11.711 loading class java/lang/ArithmeticException
Event: 11.711 loading class java/lang/ClassFormatError
Event: 11.901 loading class java/lang/ClassFormatError done


Dynamic libraries:
0x00870000 - 0x008af000 	C:\Program Files (x86)\Java\jre1.8.0_351\bin\javaw.exe
0x77e50000 - 0x77ff4000 	C:\Windows\SYSTEM32\ntdll.dll
0x76580000 - 0x76670000 	C:\Windows\System32\KERNEL32.dll
0x75be0000 - 0x75ce9000 	C:\Windows\System32\hmpalert.dll
0x77c00000 - 0x77e3a000 	C:\Windows\System32\KERNELBASE.dll
0x76490000 - 0x7650c000 	C:\Windows\System32\ADVAPI32.dll
0x76d20000 - 0x76ddf000 	C:\Windows\System32\msvcrt.dll
0x76320000 - 0x76396000 	C:\Windows\System32\sechost.dll
0x77910000 - 0x779cf000 	C:\Windows\System32\RPCRT4.dll
0x77680000 - 0x7781c000 	C:\Windows\System32\USER32.dll
0x76940000 - 0x76958000 	C:\Windows\System32\win32u.dll
0x76e80000 - 0x76ea4000 	C:\Windows\System32\GDI32.dll
0x77820000 - 0x77908000 	C:\Windows\System32\gdi32full.dll
0x768c0000 - 0x7693b000 	C:\Windows\System32\msvcp_win.dll
0x77a30000 - 0x77b50000 	C:\Windows\System32\ucrtbase.dll
0x73560000 - 0x73770000 	C:\Windows\WinSxS\x86_microsoft.windows.common-controls_6595b64144ccf1df_6.0.19041.3636_none_a863d714867441db\COMCTL32.dll
0x76c40000 - 0x76c65000 	C:\Windows\System32\IMM32.DLL
0x6e630000 - 0x6e643000 	C:\Program Files (x86)\Java\jre1.8.0_351\bin\vcruntime140.dll
0x6d580000 - 0x6d5ef000 	C:\Program Files (x86)\Java\jre1.8.0_351\bin\msvcp140.dll
0x6bd20000 - 0x6c100000 	C:\Program Files (x86)\Java\jre1.8.0_351\bin\client\jvm.dll
0x76510000 - 0x76516000 	C:\Windows\System32\PSAPI.DLL
0x75bd0000 - 0x75bd8000 	C:\Windows\SYSTEM32\VERSION.dll
0x73d20000 - 0x73d48000 	C:\Windows\SYSTEM32\WINMM.dll
0x73d50000 - 0x73d58000 	C:\Windows\SYSTEM32\WSOCK32.dll
0x762b0000 - 0x76313000 	C:\Windows\System32\WS2_32.dll
0x75110000 - 0x7511f000 	C:\Windows\SYSTEM32\kernel.appcore.dll
0x6f780000 - 0x6f78d000 	C:\Program Files (x86)\Java\jre1.8.0_351\bin\verify.dll
0x6f750000 - 0x6f774000 	C:\Program Files (x86)\Java\jre1.8.0_351\bin\java.dll
0x6f730000 - 0x6f745000 	C:\Program Files (x86)\Java\jre1.8.0_351\bin\zip.dll
0x6f560000 - 0x6f6e8000 	C:\Windows\SYSTEM32\dbghelp.dll
0x76520000 - 0x7657f000 	C:\Windows\System32\bcryptPrimitives.dll

VM Arguments:
jvm_args: -ea -Dfile.encoding=UTF-8 
java_command: org.testng.remote.RemoteTestNG -serport 50402 -protocol json -d C:\Users\nisha.r\Documents\Downloads\CVS_Auto\test-output C:\Users\nisha.r\AppData\Local\Temp\testng-eclipse--405206082\testng-customsuite.xml
java_class_path (initial): C:\Users\nisha.r\Documents\Downloads\eclipse_oxygen-3a_32bit\eclipse_oxygen-3a_32bit\configuration\org.eclipse.osgi\1018\0\.cp\lib\testng-remote.jar;C:\Program Files (x86)\Java\jre1.8.0_351\lib\resources.jar;C:\Program Files (x86)\Java\jre1.8.0_351\lib\rt.jar;C:\Program Files (x86)\Java\jre1.8.0_351\lib\jsse.jar;C:\Program Files (x86)\Java\jre1.8.0_351\lib\jce.jar;C:\Program Files (x86)\Java\jre1.8.0_351\lib\charsets.jar;C:\Program Files (x86)\Java\jre1.8.0_351\lib\jfr.jar;C:\Program Files (x86)\Java\jre1.8.0_351\lib\ext\access-bridge-32.jar;C:\Program Files (x86)\Java\jre1.8.0_351\lib\ext\cldrdata.jar;C:\Program Files (x86)\Java\jre1.8.0_351\lib\ext\dnsns.jar;C:\Program Files (x86)\Java\jre1.8.0_351\lib\ext\jaccess.jar;C:\Program Files (x86)\Java\jre1.8.0_351\lib\ext\jfxrt.jar;C:\Program Files (x86)\Java\jre1.8.0_351\lib\ext\localedata.jar;C:\Program Files (x86)\Java\jre1.8.0_351\lib\ext\nashorn.jar;C:\Program Files (x86)\Java\jre1.8.0_351\lib\ext\sunec.jar;C:\Program Files (x86)\Java\jre1.8.0_351\lib\ext\sunjce_provider.jar;C:\Program Files (x86)\Java\jre1.8.0_351\lib\ext\sunmscapi.jar;C:\Program Files (x86)\Java\jre1.8.0_351\lib\ext\sunpkcs11.jar;C:\Program Files (x86)\Java\jre1.8.0_351\lib\ext\zipfs.jar;C:\Users\nisha.r\Documents\Downloads\CVS_Auto\jar\selenium-server-standalone-3.141.59.jar;C:\Users\nisha.r\Documents\Downloads\eclipse_oxygen-3a_32bit\eclipse_oxygen-3a_32bit\plugins\org.testng_6.14.3.r201802240500.jar;C:\Users\nisha.r\Documents\Downloads\eclipse_oxygen-3a_32bit\eclipse_oxygen-3a_32bit\plugins\com.beust.jcommander_1.82.0.jar;C:\Users\nisha.r\Documents\Downloads\eclipse_oxygen-3a_32bit\eclipse_oxygen-3a_32bit\plugins\org.apache-extras.beanshell.bsh_2.0.0.b6.jar;C:\Users\nisha.r\Documents\Downloads\eclipse_oxygen-3a_32bit\eclipse_oxygen-3a_32bit\plugins\org.yaml.snakeyaml_1.21.0.jar;C:\Users\nisha.r\Documents\Downloads\CVS_Auto\target\test-classes;C:\Users\nisha.r\Documents\Downloads\CVS_Auto\target\classes;C:\Users\nis
Launcher Type: SUN_STANDARD

Environment Variables:
JAVA_HOME=C:\Program Files (x86)\Java\jdk1.8.0_351
PATH=C:/Program Files (x86)/Java/jre1.8.0_351/bin/client;C:/Program Files (x86)/Java/jre1.8.0_351/bin;C:/Program Files (x86)/Java/jre1.8.0_351/lib/i386;C:\Program Files\Common Files\Oracle\Java\javapath;C:\Program Files (x86)\Common Files\Oracle\Java\javapath;C:\Windows\system32;C:\Windows;C:\Windows\System32\Wbem;C:\Windows\System32\WindowsPowerShell\v1.0\;C:\Windows\System32\OpenSSH\;C:\Program Files (x86)\Microsoft SQL Server\150\DTS\Binn\;C:\Program Files\Azure Data Studio\bin;C:\Program Files\Microsoft SQL Server\Client SDK\ODBC\130\Tools\Binn\;C:\Program Files (x86)\Microsoft SQL Server\130\Tools\Binn\;C:\Program Files\Microsoft SQL Server\130\Tools\Binn\;C:\Program Files\Microsoft SQL Server\130\DTS\Binn\;C:\Program Files (x86)\Java\jdk1.8.0_351\bin;C:\Program Files (x86)\apache-maven-3.9.4\bin;C:\Program Files\Git\cmd;C:\Users\nisha.r\AppData\Local\Microsoft\WindowsApps;;C:\Users\nisha.r\Documents\Downloads\eclipse_oxygen-3a_32bit\eclipse_oxygen-3a_32bit;
USERNAME=nisha.r
OS=Windows_NT
PROCESSOR_IDENTIFIER=Intel64 Family 6 Model 94 Stepping 3, GenuineIntel



---------------  S Y S T E M  ---------------

OS: Windows 10 , 64 bit Build 19041 (10.0.19041.3636)

CPU:total 4 (initial active 4) (4 cores per cpu, 1 threads per core) family 6 model 94 stepping 3, cmov, cx8, fxsr, mmx, sse, sse2, sse3, ssse3, sse4.1, sse4.2, popcnt, avx, avx2, aes, clmul, erms, rtm, 3dnowpref, lzcnt, tsc, tscinvbit, bmi1, bmi2, adx

Memory: 4k page, physical 8270068k(1933632k free), swap 23988728k(8499888k free)

vm_info: Java HotSpot(TM) Client VM (25.351-b10) for windows-x86 JRE (1.8.0_351-b10), built on Sep 15 2022 03:01:07 by "java_re" with MS VC++ 15.9 (VS2017)

time: Tue Jan  2 23:17:27 2024
timezone: Central Standard Time
elapsed time: 12.840166 seconds (0d 0h 0m 12s)

